-- The C compiler identification is GNU 9.4.0
-- The CXX compiler identification is GNU 9.4.0
-- Check for working C compiler: /usr/bin/cc
-- Check for working C compiler: /usr/bin/cc -- works
-- Detecting C compiler ABI info
-- Detecting C compiler ABI info - done
-- Detecting C compile features
-- Detecting C compile features - done
-- Check for working CXX compiler: /usr/bin/c++
-- Check for working CXX compiler: /usr/bin/c++ -- works
-- Detecting CXX compiler ABI info
-- Detecting CXX compiler ABI info - done
-- Detecting CXX compile features
-- Detecting CXX compile features - done
-- Found ament_cmake: 0.9.9 (/opt/ros/foxy/share/ament_cmake/cmake)
-- Found PythonInterp: /usr/bin/python3 (found suitable version "3.8.10", minimum required is "3") 
-- Using PYTHON_EXECUTABLE: /usr/bin/python3
-- Found rosidl_default_generators: 1.0.1 (/opt/ros/foxy/share/rosidl_default_generators/cmake)
-- Using all available rosidl_typesupport_c: rosidl_typesupport_fastrtps_c;rosidl_typesupport_introspection_c
-- Found rosidl_adapter: 1.2.1 (/opt/ros/foxy/share/rosidl_adapter/cmake)
-- Found OpenSSL: /usr/lib/x86_64-linux-gnu/libcrypto.so (found version "1.1.1f")  
-- Found FastRTPS: /opt/ros/foxy/include  
-- Using all available rosidl_typesupport_cpp: rosidl_typesupport_fastrtps_cpp;rosidl_typesupport_introspection_cpp
-- Found PythonInterp: /usr/bin/python3 (found version "3.8.10") 
-- Found ament_cmake_ros: 0.9.2 (/opt/ros/foxy/share/ament_cmake_ros/cmake)
-- Using all available rosidl_typesupport_c: rosidl_typesupport_fastrtps_c;rosidl_typesupport_introspection_c
-- Using all available rosidl_typesupport_cpp: rosidl_typesupport_fastrtps_cpp;rosidl_typesupport_introspection_cpp
-- Found PythonInterp: /usr/bin/python3 (found suitable version "3.8.10", minimum required is "3.5") 
-- Found python_cmake_module: 0.8.1 (/opt/ros/foxy/share/python_cmake_module/cmake)
-- Found PythonLibs: /usr/lib/x86_64-linux-gnu/libpython3.8.so (found suitable version "3.8.10", minimum required is "3.5") 
-- Using PYTHON_EXECUTABLE: /usr/bin/python3
-- Using PYTHON_INCLUDE_DIRS: /usr/include/python3.8
-- Using PYTHON_LIBRARIES: /usr/lib/x86_64-linux-gnu/libpython3.8.so
-- Found PythonExtra: .so  
-- Found ament_lint_auto: 0.9.6 (/opt/ros/foxy/share/ament_lint_auto/cmake)
-- Added test 'copyright' to check source files copyright and LICENSE
-- Added test 'lint_cmake' to check CMake code style
-- Added test 'xmllint' to check XML markup files
-- Configuring done
-- Generating done
-- Build files have been written to: /home/dev_ws/build/rttf_car_interfaces
[  3%] [34m[1mGenerating C code for ROS interfaces[0m
[35m[1mScanning dependencies of target rttf_car_interfaces__cpp[0m
[  6%] [34m[1mGenerating C++ code for ROS interfaces[0m
[35m[1mScanning dependencies of target rttf_car_interfaces__rosidl_generator_c[0m
[  6%] Built target rttf_car_interfaces__cpp
[ 16%] [34m[1mGenerating C++ type support dispatch for ROS interfaces[0m
[ 16%] [34m[1mGenerating C++ introspection for ROS interfaces[0m
[ 16%] [34m[1mGenerating C++ type support for eProsima Fast-RTPS[0m
[ 19%] [32mBuilding C object CMakeFiles/rttf_car_interfaces__rosidl_generator_c.dir/rosidl_generator_c/rttf_car_interfaces/msg/detail/wheels_cmd_stamped__functions.c.o[0m
In file included from [01m[K/home/dev_ws/build/rttf_car_interfaces/rosidl_generator_c/rttf_car_interfaces/msg/detail/wheels_cmd_stamped__functions.h:19[m[K,
                 from [01m[K/home/dev_ws/build/rttf_car_interfaces/rosidl_generator_c/rttf_car_interfaces/msg/detail/wheels_cmd_stamped__functions.c:4[m[K:
[01m[K/home/dev_ws/build/rttf_car_interfaces/rosidl_generator_c/rttf_car_interfaces/msg/detail/wheels_cmd_stamped__struct.h:22:10:[m[K [01;31m[Kfatal error: [m[Krttf_car_interfaces/msg/detail/header__struct.h: No such file or directory
   22 | #include [01;31m[K"rttf_car_interfaces/msg/detail/header__struct.h"[m[K
      |          [01;31m[K^~~~~~~~~~~~~~~~~~~~~~~~~~~~~~~~~~~~~~~~~~~~~~~~~[m[K
compilation terminated.
make[2]: *** [CMakeFiles/rttf_car_interfaces__rosidl_generator_c.dir/build.make:92: CMakeFiles/rttf_car_interfaces__rosidl_generator_c.dir/rosidl_generator_c/rttf_car_interfaces/msg/detail/wheels_cmd_stamped__functions.c.o] Error 1
make[1]: *** [CMakeFiles/Makefile2:215: CMakeFiles/rttf_car_interfaces__rosidl_generator_c.dir/all] Error 2
make[1]: *** Waiting for unfinished jobs....
[35m[1mScanning dependencies of target rttf_car_interfaces__rosidl_typesupport_fastrtps_cpp[0m
[ 22%] [32mBuilding CXX object CMakeFiles/rttf_car_interfaces__rosidl_typesupport_fastrtps_cpp.dir/rosidl_typesupport_fastrtps_cpp/rttf_car_interfaces/msg/detail/dds_fastrtps/wheels_cmd_stamped__type_support.cpp.o[0m
In file included from [01m[K/home/dev_ws/build/rttf_car_interfaces/rosidl_typesupport_fastrtps_cpp/rttf_car_interfaces/msg/detail/wheels_cmd_stamped__rosidl_typesupport_fastrtps_cpp.hpp:11[m[K,
                 from [01m[K/home/dev_ws/build/rttf_car_interfaces/rosidl_typesupport_fastrtps_cpp/rttf_car_interfaces/msg/detail/dds_fastrtps/wheels_cmd_stamped__type_support.cpp:4[m[K:
[01m[K/home/dev_ws/build/rttf_car_interfaces/rosidl_generator_cpp/rttf_car_interfaces/msg/detail/wheels_cmd_stamped__struct.hpp:19:10:[m[K [01;31m[Kfatal error: [m[Krttf_car_interfaces/msg/detail/header__struct.hpp: No such file or directory
   19 | #include [01;31m[K"rttf_car_interfaces/msg/detail/header__struct.hpp"[m[K
      |          [01;31m[K^~~~~~~~~~~~~~~~~~~~~~~~~~~~~~~~~~~~~~~~~~~~~~~~~~~[m[K
compilation terminated.
make[2]: *** [CMakeFiles/rttf_car_interfaces__rosidl_typesupport_fastrtps_cpp.dir/build.make:78: CMakeFiles/rttf_car_interfaces__rosidl_typesupport_fastrtps_cpp.dir/rosidl_typesupport_fastrtps_cpp/rttf_car_interfaces/msg/detail/dds_fastrtps/wheels_cmd_stamped__type_support.cpp.o] Error 1
make[1]: *** [CMakeFiles/Makefile2:330: CMakeFiles/rttf_car_interfaces__rosidl_typesupport_fastrtps_cpp.dir/all] Error 2
[35m[1mScanning dependencies of target rttf_car_interfaces__rosidl_typesupport_cpp[0m
[ 25%] [32mBuilding CXX object CMakeFiles/rttf_car_interfaces__rosidl_typesupport_cpp.dir/rosidl_typesupport_cpp/rttf_car_interfaces/msg/wheels_cmd_stamped__type_support.cpp.o[0m
[35m[1mScanning dependencies of target rttf_car_interfaces__rosidl_typesupport_introspection_cpp[0m
[ 29%] [32mBuilding CXX object CMakeFiles/rttf_car_interfaces__rosidl_typesupport_introspection_cpp.dir/rosidl_typesupport_introspection_cpp/rttf_car_interfaces/msg/detail/wheels_cmd_stamped__type_support.cpp.o[0m
In file included from [01m[K/home/dev_ws/build/rttf_car_interfaces/rosidl_typesupport_cpp/rttf_car_interfaces/msg/wheels_cmd_stamped__type_support.cpp:7[m[K:
[01m[K/home/dev_ws/build/rttf_car_interfaces/rosidl_generator_cpp/rttf_car_interfaces/msg/detail/wheels_cmd_stamped__struct.hpp:19:10:[m[K [01;31m[Kfatal error: [m[Krttf_car_interfaces/msg/detail/header__struct.hpp: No such file or directory
   19 | #include [01;31m[K"rttf_car_interfaces/msg/detail/header__struct.hpp"[m[K
      |          [01;31m[K^~~~~~~~~~~~~~~~~~~~~~~~~~~~~~~~~~~~~~~~~~~~~~~~~~~[m[K
compilation terminated.
make[2]: *** [CMakeFiles/rttf_car_interfaces__rosidl_typesupport_cpp.dir/build.make:73: CMakeFiles/rttf_car_interfaces__rosidl_typesupport_cpp.dir/rosidl_typesupport_cpp/rttf_car_interfaces/msg/wheels_cmd_stamped__type_support.cpp.o] Error 1
make[1]: *** [CMakeFiles/Makefile2:496: CMakeFiles/rttf_car_interfaces__rosidl_typesupport_cpp.dir/all] Error 2
In file included from [01m[K/home/dev_ws/build/rttf_car_interfaces/rosidl_typesupport_introspection_cpp/rttf_car_interfaces/msg/detail/wheels_cmd_stamped__type_support.cpp:12[m[K:
[01m[K/home/dev_ws/build/rttf_car_interfaces/rosidl_generator_cpp/rttf_car_interfaces/msg/detail/wheels_cmd_stamped__struct.hpp:19:10:[m[K [01;31m[Kfatal error: [m[Krttf_car_interfaces/msg/detail/header__struct.hpp: No such file or directory
   19 | #include [01;31m[K"rttf_car_interfaces/msg/detail/header__struct.hpp"[m[K
      |          [01;31m[K^~~~~~~~~~~~~~~~~~~~~~~~~~~~~~~~~~~~~~~~~~~~~~~~~~~[m[K
compilation terminated.
make[2]: *** [CMakeFiles/rttf_car_interfaces__rosidl_typesupport_introspection_cpp.dir/build.make:78: CMakeFiles/rttf_car_interfaces__rosidl_typesupport_introspection_cpp.dir/rosidl_typesupport_introspection_cpp/rttf_car_interfaces/msg/detail/wheels_cmd_stamped__type_support.cpp.o] Error 1
make[1]: *** [CMakeFiles/Makefile2:438: CMakeFiles/rttf_car_interfaces__rosidl_typesupport_introspection_cpp.dir/all] Error 2
make: *** [Makefile:141: all] Error 2
