[0.642s] Invoking command in '/home/dev_ws/build/rttf_car_interfaces': CMAKE_PREFIX_PATH=/home/dev_ws/install/wheels_driver:/home/dev_ws/install/car_drivers:/home/dev_ws/install/camera_driver:/home/dev_ws/install/adafruit_drivers:/opt/ros/foxy /usr/bin/cmake /home/dev_ws/src/rttf_car_interfaces -DCMAKE_INSTALL_PREFIX=/home/dev_ws/install/rttf_car_interfaces
[0.800s] -- The C compiler identification is GNU 9.4.0
[0.926s] -- The CXX compiler identification is GNU 9.4.0
[0.944s] -- Check for working C compiler: /usr/bin/cc
[1.082s] -- Check for working C compiler: /usr/bin/cc -- works
[1.085s] -- Detecting C compiler ABI info
[1.226s] -- Detecting C compiler ABI info - done
[1.251s] -- Detecting C compile features
[1.253s] -- Detecting C compile features - done
[1.259s] -- Check for working CXX compiler: /usr/bin/c++
[1.386s] -- Check for working CXX compiler: /usr/bin/c++ -- works
[1.389s] -- Detecting CXX compiler ABI info
[1.505s] -- Detecting CXX compiler ABI info - done
[1.530s] -- Detecting CXX compile features
[1.531s] -- Detecting CXX compile features - done
[1.544s] -- Found ament_cmake: 0.9.9 (/opt/ros/foxy/share/ament_cmake/cmake)
[1.580s] -- Found PythonInterp: /usr/bin/python3 (found suitable version "3.8.10", minimum required is "3") 
[1.580s] -- Using PYTHON_EXECUTABLE: /usr/bin/python3
[1.819s] -- Found rosidl_default_generators: 1.0.1 (/opt/ros/foxy/share/rosidl_default_generators/cmake)
[1.825s] -- Using all available rosidl_typesupport_c: rosidl_typesupport_fastrtps_c;rosidl_typesupport_introspection_c
[1.837s] -- Found rosidl_adapter: 1.2.1 (/opt/ros/foxy/share/rosidl_adapter/cmake)
[1.963s] -- Found OpenSSL: /usr/lib/x86_64-linux-gnu/libcrypto.so (found version "1.1.1f")  
[1.995s] -- Found FastRTPS: /opt/ros/foxy/include  
[2.094s] -- Using all available rosidl_typesupport_cpp: rosidl_typesupport_fastrtps_cpp;rosidl_typesupport_introspection_cpp
[2.144s] -- Found PythonInterp: /usr/bin/python3 (found version "3.8.10") 
[2.290s] -- Found ament_cmake_ros: 0.9.2 (/opt/ros/foxy/share/ament_cmake_ros/cmake)
[2.401s] -- Using all available rosidl_typesupport_c: rosidl_typesupport_fastrtps_c;rosidl_typesupport_introspection_c
[2.409s] -- Using all available rosidl_typesupport_cpp: rosidl_typesupport_fastrtps_cpp;rosidl_typesupport_introspection_cpp
[2.429s] -- Found PythonInterp: /usr/bin/python3 (found suitable version "3.8.10", minimum required is "3.5") 
[2.435s] -- Found python_cmake_module: 0.8.1 (/opt/ros/foxy/share/python_cmake_module/cmake)
[2.486s] -- Found PythonLibs: /usr/lib/x86_64-linux-gnu/libpython3.8.so (found suitable version "3.8.10", minimum required is "3.5") 
[2.486s] -- Using PYTHON_EXECUTABLE: /usr/bin/python3
[2.487s] -- Using PYTHON_INCLUDE_DIRS: /usr/include/python3.8
[2.487s] -- Using PYTHON_LIBRARIES: /usr/lib/x86_64-linux-gnu/libpython3.8.so
[2.510s] -- Found PythonExtra: .so  
[2.571s] -- Found ament_lint_auto: 0.9.6 (/opt/ros/foxy/share/ament_lint_auto/cmake)
[2.608s] -- Added test 'copyright' to check source files copyright and LICENSE
[2.611s] -- Added test 'lint_cmake' to check CMake code style
[2.613s] -- Added test 'xmllint' to check XML markup files
[2.620s] -- Configuring done
[2.653s] -- Generating done
[2.656s] -- Build files have been written to: /home/dev_ws/build/rttf_car_interfaces
[2.661s] Invoked command in '/home/dev_ws/build/rttf_car_interfaces' returned '0': CMAKE_PREFIX_PATH=/home/dev_ws/install/wheels_driver:/home/dev_ws/install/car_drivers:/home/dev_ws/install/camera_driver:/home/dev_ws/install/adafruit_drivers:/opt/ros/foxy /usr/bin/cmake /home/dev_ws/src/rttf_car_interfaces -DCMAKE_INSTALL_PREFIX=/home/dev_ws/install/rttf_car_interfaces
[2.665s] Invoking command in '/home/dev_ws/build/rttf_car_interfaces': CMAKE_PREFIX_PATH=/home/dev_ws/install/wheels_driver:/home/dev_ws/install/car_drivers:/home/dev_ws/install/camera_driver:/home/dev_ws/install/adafruit_drivers:/opt/ros/foxy /usr/bin/cmake --build /home/dev_ws/build/rttf_car_interfaces -- -j4 -l4
[2.716s] [  3%] [34m[1mGenerating C code for ROS interfaces[0m
[2.716s] [35m[1mScanning dependencies of target rttf_car_interfaces__cpp[0m
[2.730s] [  6%] [34m[1mGenerating C++ code for ROS interfaces[0m
[3.032s] [35m[1mScanning dependencies of target rttf_car_interfaces__rosidl_generator_c[0m
[3.032s] [  6%] Built target rttf_car_interfaces__cpp
[3.051s] [ 16%] [34m[1mGenerating C++ type support dispatch for ROS interfaces[0m
[3.051s] [ 16%] [34m[1mGenerating C++ introspection for ROS interfaces[0m
[3.051s] [ 16%] [34m[1mGenerating C++ type support for eProsima Fast-RTPS[0m
[3.057s] [ 19%] [32mBuilding C object CMakeFiles/rttf_car_interfaces__rosidl_generator_c.dir/rosidl_generator_c/rttf_car_interfaces/msg/detail/wheels_cmd_stamped__functions.c.o[0m
[3.083s] In file included from [01m[K/home/dev_ws/build/rttf_car_interfaces/rosidl_generator_c/rttf_car_interfaces/msg/detail/wheels_cmd_stamped__functions.h:19[m[K,
[3.083s]                  from [01m[K/home/dev_ws/build/rttf_car_interfaces/rosidl_generator_c/rttf_car_interfaces/msg/detail/wheels_cmd_stamped__functions.c:4[m[K:
[3.083s] [01m[K/home/dev_ws/build/rttf_car_interfaces/rosidl_generator_c/rttf_car_interfaces/msg/detail/wheels_cmd_stamped__struct.h:22:10:[m[K [01;31m[Kfatal error: [m[Krttf_car_interfaces/msg/detail/header__struct.h: No such file or directory
[3.084s]    22 | #include [01;31m[K"rttf_car_interfaces/msg/detail/header__struct.h"[m[K
[3.084s]       |          [01;31m[K^~~~~~~~~~~~~~~~~~~~~~~~~~~~~~~~~~~~~~~~~~~~~~~~~[m[K
[3.084s] compilation terminated.
[3.085s] make[2]: *** [CMakeFiles/rttf_car_interfaces__rosidl_generator_c.dir/build.make:92: CMakeFiles/rttf_car_interfaces__rosidl_generator_c.dir/rosidl_generator_c/rttf_car_interfaces/msg/detail/wheels_cmd_stamped__functions.c.o] Error 1
[3.085s] make[1]: *** [CMakeFiles/Makefile2:215: CMakeFiles/rttf_car_interfaces__rosidl_generator_c.dir/all] Error 2
[3.085s] make[1]: *** Waiting for unfinished jobs....
[3.360s] [35m[1mScanning dependencies of target rttf_car_interfaces__rosidl_typesupport_fastrtps_cpp[0m
[3.384s] [ 22%] [32mBuilding CXX object CMakeFiles/rttf_car_interfaces__rosidl_typesupport_fastrtps_cpp.dir/rosidl_typesupport_fastrtps_cpp/rttf_car_interfaces/msg/detail/dds_fastrtps/wheels_cmd_stamped__type_support.cpp.o[0m
[3.455s] In file included from [01m[K/home/dev_ws/build/rttf_car_interfaces/rosidl_typesupport_fastrtps_cpp/rttf_car_interfaces/msg/detail/wheels_cmd_stamped__rosidl_typesupport_fastrtps_cpp.hpp:11[m[K,
[3.455s]                  from [01m[K/home/dev_ws/build/rttf_car_interfaces/rosidl_typesupport_fastrtps_cpp/rttf_car_interfaces/msg/detail/dds_fastrtps/wheels_cmd_stamped__type_support.cpp:4[m[K:
[3.455s] [01m[K/home/dev_ws/build/rttf_car_interfaces/rosidl_generator_cpp/rttf_car_interfaces/msg/detail/wheels_cmd_stamped__struct.hpp:19:10:[m[K [01;31m[Kfatal error: [m[Krttf_car_interfaces/msg/detail/header__struct.hpp: No such file or directory
[3.455s]    19 | #include [01;31m[K"rttf_car_interfaces/msg/detail/header__struct.hpp"[m[K
[3.455s]       |          [01;31m[K^~~~~~~~~~~~~~~~~~~~~~~~~~~~~~~~~~~~~~~~~~~~~~~~~~~[m[K
[3.455s] compilation terminated.
[3.457s] make[2]: *** [CMakeFiles/rttf_car_interfaces__rosidl_typesupport_fastrtps_cpp.dir/build.make:78: CMakeFiles/rttf_car_interfaces__rosidl_typesupport_fastrtps_cpp.dir/rosidl_typesupport_fastrtps_cpp/rttf_car_interfaces/msg/detail/dds_fastrtps/wheels_cmd_stamped__type_support.cpp.o] Error 1
[3.457s] make[1]: *** [CMakeFiles/Makefile2:330: CMakeFiles/rttf_car_interfaces__rosidl_typesupport_fastrtps_cpp.dir/all] Error 2
[3.477s] [35m[1mScanning dependencies of target rttf_car_interfaces__rosidl_typesupport_cpp[0m
[3.492s] [ 25%] [32mBuilding CXX object CMakeFiles/rttf_car_interfaces__rosidl_typesupport_cpp.dir/rosidl_typesupport_cpp/rttf_car_interfaces/msg/wheels_cmd_stamped__type_support.cpp.o[0m
[3.500s] [35m[1mScanning dependencies of target rttf_car_interfaces__rosidl_typesupport_introspection_cpp[0m
[3.518s] [ 29%] [32mBuilding CXX object CMakeFiles/rttf_car_interfaces__rosidl_typesupport_introspection_cpp.dir/rosidl_typesupport_introspection_cpp/rttf_car_interfaces/msg/detail/wheels_cmd_stamped__type_support.cpp.o[0m
[3.555s] In file included from [01m[K/home/dev_ws/build/rttf_car_interfaces/rosidl_typesupport_cpp/rttf_car_interfaces/msg/wheels_cmd_stamped__type_support.cpp:7[m[K:
[3.555s] [01m[K/home/dev_ws/build/rttf_car_interfaces/rosidl_generator_cpp/rttf_car_interfaces/msg/detail/wheels_cmd_stamped__struct.hpp:19:10:[m[K [01;31m[Kfatal error: [m[Krttf_car_interfaces/msg/detail/header__struct.hpp: No such file or directory
[3.555s]    19 | #include [01;31m[K"rttf_car_interfaces/msg/detail/header__struct.hpp"[m[K
[3.555s]       |          [01;31m[K^~~~~~~~~~~~~~~~~~~~~~~~~~~~~~~~~~~~~~~~~~~~~~~~~~~[m[K
[3.555s] compilation terminated.
[3.557s] make[2]: *** [CMakeFiles/rttf_car_interfaces__rosidl_typesupport_cpp.dir/build.make:73: CMakeFiles/rttf_car_interfaces__rosidl_typesupport_cpp.dir/rosidl_typesupport_cpp/rttf_car_interfaces/msg/wheels_cmd_stamped__type_support.cpp.o] Error 1
[3.557s] make[1]: *** [CMakeFiles/Makefile2:496: CMakeFiles/rttf_car_interfaces__rosidl_typesupport_cpp.dir/all] Error 2
[3.576s] In file included from [01m[K/home/dev_ws/build/rttf_car_interfaces/rosidl_typesupport_introspection_cpp/rttf_car_interfaces/msg/detail/wheels_cmd_stamped__type_support.cpp:12[m[K:
[3.576s] [01m[K/home/dev_ws/build/rttf_car_interfaces/rosidl_generator_cpp/rttf_car_interfaces/msg/detail/wheels_cmd_stamped__struct.hpp:19:10:[m[K [01;31m[Kfatal error: [m[Krttf_car_interfaces/msg/detail/header__struct.hpp: No such file or directory
[3.577s]    19 | #include [01;31m[K"rttf_car_interfaces/msg/detail/header__struct.hpp"[m[K
[3.577s]       |          [01;31m[K^~~~~~~~~~~~~~~~~~~~~~~~~~~~~~~~~~~~~~~~~~~~~~~~~~~[m[K
[3.577s] compilation terminated.
[3.578s] make[2]: *** [CMakeFiles/rttf_car_interfaces__rosidl_typesupport_introspection_cpp.dir/build.make:78: CMakeFiles/rttf_car_interfaces__rosidl_typesupport_introspection_cpp.dir/rosidl_typesupport_introspection_cpp/rttf_car_interfaces/msg/detail/wheels_cmd_stamped__type_support.cpp.o] Error 1
[3.578s] make[1]: *** [CMakeFiles/Makefile2:438: CMakeFiles/rttf_car_interfaces__rosidl_typesupport_introspection_cpp.dir/all] Error 2
[3.578s] make: *** [Makefile:141: all] Error 2
[3.581s] Invoked command in '/home/dev_ws/build/rttf_car_interfaces' returned '2': CMAKE_PREFIX_PATH=/home/dev_ws/install/wheels_driver:/home/dev_ws/install/car_drivers:/home/dev_ws/install/camera_driver:/home/dev_ws/install/adafruit_drivers:/opt/ros/foxy /usr/bin/cmake --build /home/dev_ws/build/rttf_car_interfaces -- -j4 -l4
